<?xml version="1.0" encoding="UTF-8"?>
<!-- Generated by org.testng.reporters.JUnitXMLReporter -->
<testsuite ignored="0" hostname="Ankit" failures="0" tests="4" name="Test" time="22.238" errors="0" timestamp="2024-09-14T22:08:19 IST">
  <testcase classname="practise.ThirdTest" name="thirdTest" time="0.02"/>
  <testcase classname="practise.SecondTest" name="mSecond" time="0.002"/>
  <testcase classname="practise.FourthTest" name="mFourth" time="0.001"/>
  <testcase classname="practise.HyrOneTest" name="hyrpage" time="21.387"/>
</testsuite> <!-- Test -->
